Jun 27 14:37:28  [info] $Fatal Error Details = Array
(
    [callback] => Array
        (
            [0] => CRM_Core_Error
            [1] => handle
        )

    [code] => -3
    [message] => DB Error: constraint violation
    [mode] => 16
    [debug_info] => 
                    INSERT INTO civicrm_dashboard_contact ( dashboard_id, contact_id )
                    VALUES  ( 1, 1 ) [nativecode=1452 ** Cannot add or update a child row: a foreign key constraint fails (`kaeja7`.`civicrm_dashboard_contact`, CONSTRAINT `FK_civicrm_dashboard_contact_contact_id` FOREIGN KEY (`contact_id`) REFERENCES `civicrm_contact` (`id`) ON DELETE CASCADE)]
    [type] => DB_Error
    [user_info] => 
                    INSERT INTO civicrm_dashboard_contact ( dashboard_id, contact_id )
                    VALUES  ( 1, 1 ) [nativecode=1452 ** Cannot add or update a child row: a foreign key constraint fails (`kaeja7`.`civicrm_dashboard_contact`, CONSTRAINT `FK_civicrm_dashboard_contact_contact_id` FOREIGN KEY (`contact_id`) REFERENCES `civicrm_contact` (`id`) ON DELETE CASCADE)]
    [to_string] => [db_error: message="DB Error: constraint violation" code=-3 mode=callback callback=CRM_Core_Error::handle prefix="" info="
                    INSERT INTO civicrm_dashboard_contact ( dashboard_id, contact_id )
                    VALUES  ( 1, 1 ) [nativecode=1452 ** Cannot add or update a child row: a foreign key constraint fails (`kaeja7`.`civicrm_dashboard_contact`, CONSTRAINT `FK_civicrm_dashboard_contact_contact_id` FOREIGN KEY (`contact_id`) REFERENCES `civicrm_contact` (`id`) ON DELETE CASCADE)]"]
)


Jun 27 14:37:28  [info] $backTrace = /Users/erinmarchak/Sites/drupal7/sites/kaeja.drupal7.local/modules/civicrm/CRM/Core/Error.php, backtrace, 205
, handle, 
/Users/erinmarchak/Sites/drupal7/sites/kaeja.drupal7.local/modules/civicrm/packages/PEAR.php, call_user_func, 931
/Users/erinmarchak/Sites/drupal7/sites/kaeja.drupal7.local/modules/civicrm/packages/DB.php, PEAR_Error, 968
/Users/erinmarchak/Sites/drupal7/sites/kaeja.drupal7.local/modules/civicrm/packages/PEAR.php, DB_Error, 564
/Users/erinmarchak/Sites/drupal7/sites/kaeja.drupal7.local/modules/civicrm/packages/DB/common.php, raiseError, 1903
/Users/erinmarchak/Sites/drupal7/sites/kaeja.drupal7.local/modules/civicrm/packages/DB/mysql.php, raiseError, 898
/Users/erinmarchak/Sites/drupal7/sites/kaeja.drupal7.local/modules/civicrm/packages/DB/mysql.php, mysqlRaiseError, 327
/Users/erinmarchak/Sites/drupal7/sites/kaeja.drupal7.local/modules/civicrm/packages/DB/common.php, simpleQuery, 1216
/Users/erinmarchak/Sites/drupal7/sites/kaeja.drupal7.local/modules/civicrm/packages/DB/DataObject.php, query, 2420
/Users/erinmarchak/Sites/drupal7/sites/kaeja.drupal7.local/modules/civicrm/packages/DB/DataObject.php, _query, 1606
/Users/erinmarchak/Sites/drupal7/sites/kaeja.drupal7.local/modules/civicrm/CRM/Core/DAO.php, query, 145
/Users/erinmarchak/Sites/drupal7/sites/kaeja.drupal7.local/modules/civicrm/CRM/Core/DAO.php, query, 872
/Users/erinmarchak/Sites/drupal7/sites/kaeja.drupal7.local/modules/civicrm/CRM/Core/BAO/Dashboard.php, executeQuery, 136
/Users/erinmarchak/Sites/drupal7/sites/kaeja.drupal7.local/modules/civicrm/CRM/Contact/Page/AJAX.php, getContactDashlets, 800
, dashboard, 
/Users/erinmarchak/Sites/drupal7/sites/kaeja.drupal7.local/modules/civicrm/CRM/Core/Invoke.php, call_user_func, 191
/Users/erinmarchak/Sites/drupal7/sites/kaeja.drupal7.local/modules/civicrm/drupal/civicrm.module, invoke, 402
, civicrm_invoke, 
/Users/erinmarchak/Sites/drupal7/includes/menu.inc, call_user_func_array, 503
/Users/erinmarchak/Sites/drupal7/index.php, menu_execute_active_handler, 21

Jun 27 14:38:43  [info] $Fatal Error Details = Array
(
    [callback] => Array
        (
            [0] => CRM_Core_Error
            [1] => handle
        )

    [code] => -3
    [message] => DB Error: constraint violation
    [mode] => 16
    [debug_info] => 
                    INSERT INTO civicrm_dashboard_contact ( dashboard_id, contact_id )
                    VALUES  ( 1, 1 ) [nativecode=1452 ** Cannot add or update a child row: a foreign key constraint fails (`kaeja7`.`civicrm_dashboard_contact`, CONSTRAINT `FK_civicrm_dashboard_contact_contact_id` FOREIGN KEY (`contact_id`) REFERENCES `civicrm_contact` (`id`) ON DELETE CASCADE)]
    [type] => DB_Error
    [user_info] => 
                    INSERT INTO civicrm_dashboard_contact ( dashboard_id, contact_id )
                    VALUES  ( 1, 1 ) [nativecode=1452 ** Cannot add or update a child row: a foreign key constraint fails (`kaeja7`.`civicrm_dashboard_contact`, CONSTRAINT `FK_civicrm_dashboard_contact_contact_id` FOREIGN KEY (`contact_id`) REFERENCES `civicrm_contact` (`id`) ON DELETE CASCADE)]
    [to_string] => [db_error: message="DB Error: constraint violation" code=-3 mode=callback callback=CRM_Core_Error::handle prefix="" info="
                    INSERT INTO civicrm_dashboard_contact ( dashboard_id, contact_id )
                    VALUES  ( 1, 1 ) [nativecode=1452 ** Cannot add or update a child row: a foreign key constraint fails (`kaeja7`.`civicrm_dashboard_contact`, CONSTRAINT `FK_civicrm_dashboard_contact_contact_id` FOREIGN KEY (`contact_id`) REFERENCES `civicrm_contact` (`id`) ON DELETE CASCADE)]"]
)


Jun 27 14:38:43  [info] $backTrace = /Users/erinmarchak/Sites/drupal7/sites/kaeja.drupal7.local/modules/civicrm/CRM/Core/Error.php, backtrace, 205
, handle, 
/Users/erinmarchak/Sites/drupal7/sites/kaeja.drupal7.local/modules/civicrm/packages/PEAR.php, call_user_func, 931
/Users/erinmarchak/Sites/drupal7/sites/kaeja.drupal7.local/modules/civicrm/packages/DB.php, PEAR_Error, 968
/Users/erinmarchak/Sites/drupal7/sites/kaeja.drupal7.local/modules/civicrm/packages/PEAR.php, DB_Error, 564
/Users/erinmarchak/Sites/drupal7/sites/kaeja.drupal7.local/modules/civicrm/packages/DB/common.php, raiseError, 1903
/Users/erinmarchak/Sites/drupal7/sites/kaeja.drupal7.local/modules/civicrm/packages/DB/mysql.php, raiseError, 898
/Users/erinmarchak/Sites/drupal7/sites/kaeja.drupal7.local/modules/civicrm/packages/DB/mysql.php, mysqlRaiseError, 327
/Users/erinmarchak/Sites/drupal7/sites/kaeja.drupal7.local/modules/civicrm/packages/DB/common.php, simpleQuery, 1216
/Users/erinmarchak/Sites/drupal7/sites/kaeja.drupal7.local/modules/civicrm/packages/DB/DataObject.php, query, 2420
/Users/erinmarchak/Sites/drupal7/sites/kaeja.drupal7.local/modules/civicrm/packages/DB/DataObject.php, _query, 1606
/Users/erinmarchak/Sites/drupal7/sites/kaeja.drupal7.local/modules/civicrm/CRM/Core/DAO.php, query, 145
/Users/erinmarchak/Sites/drupal7/sites/kaeja.drupal7.local/modules/civicrm/CRM/Core/DAO.php, query, 872
/Users/erinmarchak/Sites/drupal7/sites/kaeja.drupal7.local/modules/civicrm/CRM/Core/BAO/Dashboard.php, executeQuery, 136
/Users/erinmarchak/Sites/drupal7/sites/kaeja.drupal7.local/modules/civicrm/CRM/Contact/Page/AJAX.php, getContactDashlets, 800
, dashboard, 
/Users/erinmarchak/Sites/drupal7/sites/kaeja.drupal7.local/modules/civicrm/CRM/Core/Invoke.php, call_user_func, 191
/Users/erinmarchak/Sites/drupal7/sites/kaeja.drupal7.local/modules/civicrm/drupal/civicrm.module, invoke, 402
, civicrm_invoke, 
/Users/erinmarchak/Sites/drupal7/includes/menu.inc, call_user_func_array, 503
/Users/erinmarchak/Sites/drupal7/index.php, menu_execute_active_handler, 21

Jun 27 14:58:49  [info] $Fatal Error Details = Array
(
    [callback] => Array
        (
            [0] => CRM_Core_Error
            [1] => handle
        )

    [code] => -3
    [message] => DB Error: constraint violation
    [mode] => 16
    [debug_info] => INSERT INTO civicrm_event (title , summary , description , event_type_id , participant_listing_id , is_public , start_date , end_date , max_participants , event_full_text , is_map , is_active , default_role_id , has_waitlist , is_template , created_id , created_date ) VALUES ('Test Event Ticketing' , 'Our first event!' ,  NULL ,  5 ,  NULL ,  1 ,  20110627145700 ,  20110627165800 ,  20 , 'This event is currently full.' ,  0 ,  1 ,  1 ,  0 ,  0 ,  1 ,  20110627145849 )  [nativecode=1452 ** Cannot add or update a child row: a foreign key constraint fails (`kaeja7`.`civicrm_event`, CONSTRAINT `FK_civicrm_event_created_id` FOREIGN KEY (`created_id`) REFERENCES `civicrm_contact` (`id`) ON DELETE SET NULL)]
    [type] => DB_Error
    [user_info] => INSERT INTO civicrm_event (title , summary , description , event_type_id , participant_listing_id , is_public , start_date , end_date , max_participants , event_full_text , is_map , is_active , default_role_id , has_waitlist , is_template , created_id , created_date ) VALUES ('Test Event Ticketing' , 'Our first event!' ,  NULL ,  5 ,  NULL ,  1 ,  20110627145700 ,  20110627165800 ,  20 , 'This event is currently full.' ,  0 ,  1 ,  1 ,  0 ,  0 ,  1 ,  20110627145849 )  [nativecode=1452 ** Cannot add or update a child row: a foreign key constraint fails (`kaeja7`.`civicrm_event`, CONSTRAINT `FK_civicrm_event_created_id` FOREIGN KEY (`created_id`) REFERENCES `civicrm_contact` (`id`) ON DELETE SET NULL)]
    [to_string] => [db_error: message="DB Error: constraint violation" code=-3 mode=callback callback=CRM_Core_Error::handle prefix="" info="INSERT INTO civicrm_event (title , summary , description , event_type_id , participant_listing_id , is_public , start_date , end_date , max_participants , event_full_text , is_map , is_active , default_role_id , has_waitlist , is_template , created_id , created_date ) VALUES ('Test Event Ticketing' , 'Our first event!' ,  NULL ,  5 ,  NULL ,  1 ,  20110627145700 ,  20110627165800 ,  20 , 'This event is currently full.' ,  0 ,  1 ,  1 ,  0 ,  0 ,  1 ,  20110627145849 )  [nativecode=1452 ** Cannot add or update a child row: a foreign key constraint fails (`kaeja7`.`civicrm_event`, CONSTRAINT `FK_civicrm_event_created_id` FOREIGN KEY (`created_id`) REFERENCES `civicrm_contact` (`id`) ON DELETE SET NULL)]"]
)


Jun 27 14:58:49  [info] $backTrace = /Users/erinmarchak/Sites/drupal7/sites/kaeja.drupal7.local/modules/civicrm/CRM/Core/Error.php, backtrace, 205
, handle, 
/Users/erinmarchak/Sites/drupal7/sites/kaeja.drupal7.local/modules/civicrm/packages/PEAR.php, call_user_func, 931
/Users/erinmarchak/Sites/drupal7/sites/kaeja.drupal7.local/modules/civicrm/packages/DB.php, PEAR_Error, 968
/Users/erinmarchak/Sites/drupal7/sites/kaeja.drupal7.local/modules/civicrm/packages/PEAR.php, DB_Error, 564
/Users/erinmarchak/Sites/drupal7/sites/kaeja.drupal7.local/modules/civicrm/packages/DB/common.php, raiseError, 1903
/Users/erinmarchak/Sites/drupal7/sites/kaeja.drupal7.local/modules/civicrm/packages/DB/mysql.php, raiseError, 898
/Users/erinmarchak/Sites/drupal7/sites/kaeja.drupal7.local/modules/civicrm/packages/DB/mysql.php, mysqlRaiseError, 327
/Users/erinmarchak/Sites/drupal7/sites/kaeja.drupal7.local/modules/civicrm/packages/DB/common.php, simpleQuery, 1216
/Users/erinmarchak/Sites/drupal7/sites/kaeja.drupal7.local/modules/civicrm/packages/DB/DataObject.php, query, 2420
/Users/erinmarchak/Sites/drupal7/sites/kaeja.drupal7.local/modules/civicrm/packages/DB/DataObject.php, _query, 1052
/Users/erinmarchak/Sites/drupal7/sites/kaeja.drupal7.local/modules/civicrm/CRM/Core/DAO.php, insert, 281
/Users/erinmarchak/Sites/drupal7/sites/kaeja.drupal7.local/modules/civicrm/CRM/Event/BAO/Event.php, save, 114
/Users/erinmarchak/Sites/drupal7/sites/kaeja.drupal7.local/modules/civicrm/CRM/Event/BAO/Event.php, add, 139
/Users/erinmarchak/Sites/drupal7/sites/kaeja.drupal7.local/modules/civicrm/CRM/Event/Form/ManageEvent/EventInfo.php, create, 344
/Users/erinmarchak/Sites/drupal7/sites/kaeja.drupal7.local/modules/civicrm/CRM/Core/Form.php, postProcess, 250
/Users/erinmarchak/Sites/drupal7/sites/kaeja.drupal7.local/modules/civicrm/CRM/Core/QuickForm/Action/Upload.php, mainProcess, 153
/Users/erinmarchak/Sites/drupal7/sites/kaeja.drupal7.local/modules/civicrm/CRM/Core/QuickForm/Action/Upload.php, realPerform, 130
/Users/erinmarchak/Sites/drupal7/sites/kaeja.drupal7.local/modules/civicrm/packages/HTML/QuickForm/Controller.php, perform, 203
/Users/erinmarchak/Sites/drupal7/sites/kaeja.drupal7.local/modules/civicrm/packages/HTML/QuickForm/Page.php, handle, 103
/Users/erinmarchak/Sites/drupal7/sites/kaeja.drupal7.local/modules/civicrm/CRM/Core/Controller.php, handle, 284
/Users/erinmarchak/Sites/drupal7/sites/kaeja.drupal7.local/modules/civicrm/CRM/Utils/Wrapper.php, run, 115
/Users/erinmarchak/Sites/drupal7/sites/kaeja.drupal7.local/modules/civicrm/CRM/Core/Invoke.php, run, 196
/Users/erinmarchak/Sites/drupal7/sites/kaeja.drupal7.local/modules/civicrm/drupal/civicrm.module, invoke, 402
, civicrm_invoke, 
/Users/erinmarchak/Sites/drupal7/includes/menu.inc, call_user_func_array, 503
/Users/erinmarchak/Sites/drupal7/index.php, menu_execute_active_handler, 21

